Algorithm	File	ncol	Runtime	Redundancy	F1 Score
clustine_feature_select	glass.arff	3	0.027	0.3831424	0.664248435974626
clustine_deduplicate	glass.arff	3	0.051	0.09023481	0.611791622153326
clustine_just_compute	glass.arff	3	0.083	0.1939212	0.727878713603932
wrap_kNN	glass.arff	3	0.205	0.2064092	0.931531948388547
MI_rank	glass.arff	3	0.019	0.2125938	0.920076175749069
random_cols	glass.arff	3	0	0.08810469	0.649815560743347
random_cols	glass.arff	3	0	0.08223643	0.861456501820836
clustine_feature_select	glass.arff	3	0.017	0.3831424	0.666901112864591
clustine_deduplicate	glass.arff	3	0.019	0.09023481	0.616129031315978
clustine_just_compute	glass.arff	3	0.01	0.1939212	0.729459455600942
wrap_kNN	glass.arff	3	0.183	0.2064092	0.936541206625926
MI_rank	glass.arff	3	0.008	0.2125938	0.920076175749069
random_cols	glass.arff	3	0	0.335729	0.723904094679458
random_cols	glass.arff	3	0	0.1523833	0.822496768882094
clustine_feature_select	glass.arff	3	0.014	0.3831424	0.670434748541084
clustine_deduplicate	glass.arff	3	0.018	0.09023481	0.609250622348654
clustine_just_compute	glass.arff	3	0.017	0.1939212	0.730293870429067
wrap_kNN	glass.arff	3	0.175	0.2064092	0.931531948388547
MI_rank	glass.arff	3	0.01	0.2125938	0.920076175749069
random_cols	glass.arff	3	0	0.1466594	0.790851660009973
random_cols	glass.arff	3	0	0.3015049	0.679491938634863
clustine_feature_select	liver.arff	3	0.013	0.1525262	0.778078457365577
clustine_deduplicate	liver.arff	3	0.014	0.1460565	0.616842941611923
clustine_just_compute	liver.arff	3	0.009	0.08933522	0.632158554559467
wrap_kNN	liver.arff	3	0.126	0.1279505	0.86336797723736
MI_rank	liver.arff	3	0.009	0.1754801	0.871027921511554
random_cols	liver.arff	3	0	0.2920727	0.685810573600682
random_cols	liver.arff	3	0	0.3206463	0.597602585020236
clustine_feature_select	liver.arff	3	0.011	0.1525262	0.762684407667721
clustine_deduplicate	liver.arff	3	0.018	0.1460565	0.606455931757533
clustine_just_compute	liver.arff	3	0.011	0.08933522	0.632293264257831
wrap_kNN	liver.arff	3	0.121	0.1279505	0.865504173772652
MI_rank	liver.arff	3	0.011	0.1754801	0.871004481782231
random_cols	liver.arff	3	0	0.1525262	0.777538988408795
random_cols	liver.arff	3	0	0.2920727	0.675805011233554
clustine_feature_select	liver.arff	3	0.011	0.1525262	0.78120735185553
clustine_deduplicate	liver.arff	3	0.011	0.1460565	0.618556374829955
clustine_just_compute	liver.arff	3	0.013	0.08933522	0.642604461784371
wrap_kNN	liver.arff	3	0.141	0.1279505	0.854742198942146
MI_rank	liver.arff	3	0.008	0.1754801	0.869364873316134
random_cols	liver.arff	3	0	0.4087035	0.657466727817941
random_cols	liver.arff	3	0	0.2600108	0.664818011605777
clustine_feature_select	shape.arff	3	0.019	0.3624903	0.886012953268554
clustine_deduplicate	shape.arff	3	0.016	0.2610124	0.860412068064888
clustine_just_compute	shape.arff	3	0.019	0.3359256	0.802852736906079
wrap_kNN	shape.arff	3	0.299	0.1669153	0.930046005611776
MI_rank	shape.arff	3	0.026	0.3531564	0.904342733200212
random_cols	shape.arff	3	0	0.1750533	0.795648297651075
random_cols	shape.arff	3	0	0.1851583	0.900323826371133
clustine_feature_select	shape.arff	3	0.025	0.3624903	0.891596286601887
clustine_deduplicate	shape.arff	3	0.029	0.2610124	0.847562219309281
clustine_just_compute	shape.arff	3	0.032	0.3359256	0.812028364146222
wrap_kNN	shape.arff	3	0.328	0.3139595	0.960161932873508
MI_rank	shape.arff	3	0.024	0.3531564	0.903603555242668
random_cols	shape.arff	3	0	0.2066953	0.809334503066888
random_cols	shape.arff	3	0	0.310429	0.857917686175694
clustine_feature_select	shape.arff	3	0.024	0.3624903	0.886012953268554
clustine_deduplicate	shape.arff	3	0.021	0.2610124	0.840368407686122
clustine_just_compute	shape.arff	3	0.027	0.3359256	0.796770309369847
wrap_kNN	shape.arff	3	0.379	0.1669153	0.936248051647582
MI_rank	shape.arff	3	0.023	0.3531564	0.904342733200212
random_cols	shape.arff	3	0	0.317642	0.810431232461835
random_cols	shape.arff	3	0	0.2175039	0.865856730261972
clustine_feature_select	diabetes.arff	3	0.027	0.1411101	0.752638934973135
clustine_deduplicate	diabetes.arff	3	0.021	0.2635143	0.676496284262099
clustine_just_compute	diabetes.arff	3	0.023	0.1411101	0.756343330822586
wrap_kNN	diabetes.arff	3	0.259	0.2200129	0.805717010433997
MI_rank	diabetes.arff	3	0.018	0.3083837	0.697969757177827
random_cols	diabetes.arff	3	0	0.1745256	0.531651644393146
random_cols	diabetes.arff	3	0	0.1448043	0.688057624451985
clustine_feature_select	diabetes.arff	3	0.021	0.1411101	0.751617000693969
clustine_deduplicate	diabetes.arff	3	0.021	0.2635143	0.682621404152533
clustine_just_compute	diabetes.arff	3	0.017	0.1411101	0.755044876274458
wrap_kNN	diabetes.arff	3	0.269	0.2200129	0.803466117324311
MI_rank	diabetes.arff	3	0.02	0.3083837	0.699733803924502
random_cols	diabetes.arff	3	0	0.1869562	0.75909475148241
random_cols	diabetes.arff	3	0	0.1261976	0.556837606234411
clustine_feature_select	diabetes.arff	3	0.018	0.1411101	0.750704722599138
clustine_deduplicate	diabetes.arff	3	0.023	0.2635143	0.675696564987325
clustine_just_compute	diabetes.arff	3	0.013	0.1411101	0.753601994975586
wrap_kNN	diabetes.arff	3	0.272	0.2200129	0.809515069834709
MI_rank	diabetes.arff	3	0.018	0.3083837	0.697731282612883
random_cols	diabetes.arff	3	0	0.2443622	0.599799179874954
random_cols	diabetes.arff	3	0	0.1858584	0.720174537048307
clustine_feature_select	vowel.arff	3	0.024	0.1452216	0.814148635855166
clustine_deduplicate	vowel.arff	3	0.027	0.3115126	0.749235122742268
clustine_just_compute	vowel.arff	3	0.027	0.2591497	0.708687422468414
wrap_kNN	vowel.arff	3	0.359	0.0797993	0.834647724065252
MI_rank	vowel.arff	3	0.021	0.2524936	0.796001730734365
random_cols	vowel.arff	3	0	0.2340093	0.719728243452922
random_cols	vowel.arff	3	0	0.3727474	0.760834375020005
clustine_feature_select	vowel.arff	3	0.022	0.1452216	0.816949376176081
clustine_deduplicate	vowel.arff	3	0.027	0.3115126	0.753213819293364
clustine_just_compute	vowel.arff	3	0.022	0.2591497	0.708203355666725
wrap_kNN	vowel.arff	3	0.352	0.0797993	0.834790546779166
MI_rank	vowel.arff	3	0.028	0.2524936	0.794919525496139
random_cols	vowel.arff	3	0	0.2228253	0.762343422312937
random_cols	vowel.arff	3	0.001	0.2792495	0.736954556872177
clustine_feature_select	vowel.arff	3	0.029	0.1452216	0.815180459871574
clustine_deduplicate	vowel.arff	3	0.028	0.3115126	0.746039658774859
clustine_just_compute	vowel.arff	3	0.022	0.2591497	0.714278881649748
wrap_kNN	vowel.arff	3	0.403	0.1210214	0.829344852686492
MI_rank	vowel.arff	3	0.078	0.2524936	0.796333170648897
random_cols	vowel.arff	3	0	0.2058893	0.762955523205594
random_cols	vowel.arff	3	0	0.1725608	0.814170621732046
clustine_feature_select	breast.arff	3	0.035	0.6811728	0.844694900660131
clustine_deduplicate	breast.arff	3	0.038	0.5143359	0.807136874917157
clustine_just_compute	breast.arff	3	0.044	0.2509498	0.561980601177553
wrap_kNN	breast.arff	3	0.663	0.5089572	0.881152103748963
MI_rank	breast.arff	3	0.046	0.9931622	0.721700206009118
random_cols	breast.arff	3	0	0.2082532	0.666540328951341
random_cols	breast.arff	3	0	0.07750557	0.437163917106709
clustine_feature_select	breast.arff	3	0.031	0.6811728	0.849827477659716
clustine_deduplicate	breast.arff	3	0.046	0.5143359	0.790445531553927
clustine_just_compute	breast.arff	3	0.048	0.2509498	0.583268716979331
wrap_kNN	breast.arff	3	0.614	0.3442152	0.859704526646804
MI_rank	breast.arff	3	0.045	0.9931622	0.726728698094052
random_cols	breast.arff	3	0	0.2892735	0.408056049372553
random_cols	breast.arff	3	0	0.282972	0.472297870292738
clustine_feature_select	breast.arff	3	0.055	0.6811728	0.849827477659716
clustine_deduplicate	breast.arff	3	0.051	0.5143359	0.802540588880428
clustine_just_compute	breast.arff	3	0.048	0.2509498	0.564361044206892
wrap_kNN	breast.arff	3	0.68	0.3301896	0.864654691448077
MI_rank	breast.arff	3	0.054	0.9931622	0.732324482018009
random_cols	breast.arff	3	0	0.1578411	0.647651690026534
random_cols	breast.arff	3	0	0.5136236	0.570893962777019
clustine_feature_select	letrec.arff	3	0.182	0.08050271	0.728213865515712
clustine_deduplicate	letrec.arff	3	0.167	0.08050271	0.72751607082713
clustine_just_compute	letrec.arff	3	0.164	0.7604062	0.647384296177107
wrap_kNN	letrec.arff	3	12.683	0.05094984	0.760910423357869
MI_rank	letrec.arff	3	0.205	0.7512545	0.598495900567664
random_cols	letrec.arff	3	0	0.1675846	0.676246670896503
random_cols	letrec.arff	3	0	0.6642315	0.65300868335324
clustine_feature_select	letrec.arff	3	0.126	0.08050271	0.73363537280686
clustine_deduplicate	letrec.arff	3	0.167	0.08050271	0.731861201215319
clustine_just_compute	letrec.arff	3	0.169	0.7604062	0.646263214593463
wrap_kNN	letrec.arff	3	12.612	0.05094984	0.755405804724105
MI_rank	letrec.arff	3	0.198	0.7512545	0.582067512839125
random_cols	letrec.arff	3	0	0.1881966	0.682480663985395
random_cols	letrec.arff	3	0	0.04428735	0.652885685886475
clustine_feature_select	letrec.arff	3	0.134	0.08050271	0.729848340562566
clustine_deduplicate	letrec.arff	3	0.158	0.08050271	0.724517612068622
clustine_just_compute	letrec.arff	3	0.168	0.7604062	0.643713178953425
wrap_kNN	letrec.arff	3	12.704	0.03077161	0.762605711797544
MI_rank	letrec.arff	3	0.209	0.7512545	0.598686351379737
random_cols	letrec.arff	3	0	0.2160017	0.636106457614288
random_cols	letrec.arff	3	0	0.09887391	0.693221833716426
clustine_feature_select	insurance.arff	3	0.155	0.381441	0.938713624869911
clustine_deduplicate	insurance.arff	3	0.402	0.2356218	0.866601818809291
clustine_just_compute	insurance.arff	3	0.484	0.02360682	0.812181285951448
wrap_kNN	insurance.arff	3	40.997	0.3131496	0.969822081008537
MI_rank	insurance.arff	3	0.336	0.6989388	0.797964294653252
random_cols	insurance.arff	3	0	0.008592833	NA
random_cols	insurance.arff	3	0	0.202059	0.673120898753824
clustine_feature_select	insurance.arff	3	0.156	0.381441	0.941116163726416
clustine_deduplicate	insurance.arff	3	0.398	0.2356218	0.867148895238591
clustine_just_compute	insurance.arff	3	0.429	0.02360682	0.810003028613496
wrap_kNN	insurance.arff	3	41.148	0.3131496	0.968577207503623
MI_rank	insurance.arff	3	0.326	0.6989388	0.793911745840563
random_cols	insurance.arff	3	0	0.03869993	NA
random_cols	insurance.arff	3	0	0.02867857	NA
clustine_feature_select	insurance.arff	3	0.161	0.381441	0.940935988680737
clustine_deduplicate	insurance.arff	3	0.398	0.2356218	0.865478624133628
clustine_just_compute	insurance.arff	3	0.418	0.02360682	0.815493416171661
wrap_kNN	insurance.arff	3	41.222	0.3131496	0.970398152423807
MI_rank	insurance.arff	3	0.325	0.6989388	0.799548024112218
random_cols	insurance.arff	3	0	0.009176795	0.359717397769375
random_cols	insurance.arff	3	0	0.06671591	NA
clustine_feature_select	internet_usage.arff	3	0.206	0.07852149	0.999600043581582
clustine_deduplicate	internet_usage.arff	3	0.384	0.07852149	0.999600043581582
clustine_just_compute	internet_usage.arff	3	0.446	0.1228279	0.458875041725749
wrap_kNN	internet_usage.arff	3	16.688	0.02674427	0.999800011831744
MI_rank	internet_usage.arff	3	0.351	0.1235386	0.999600043581582
random_cols	internet_usage.arff	3	0	0.06467897	NA
random_cols	internet_usage.arff	3	0	0.01661135	NA
clustine_feature_select	internet_usage.arff	3	0.18	0.07852149	0.999600043581582
clustine_deduplicate	internet_usage.arff	3	0.398	0.07852149	0.999600043581582
clustine_just_compute	internet_usage.arff	3	0.427	0.1228279	0.48292449950258
wrap_kNN	internet_usage.arff	3	16.732	0.02674427	0.999800011831744
MI_rank	internet_usage.arff	3	0.319	0.1235386	0.999600043581582
random_cols	internet_usage.arff	3	0	0.04358832	NA
random_cols	internet_usage.arff	3	0	0.03374355	NA
clustine_feature_select	internet_usage.arff	3	0.202	0.07852149	0.999600043581582
clustine_deduplicate	internet_usage.arff	3	0.367	0.07852149	0.999600043581582
clustine_just_compute	internet_usage.arff	3	0.388	0.1228279	0.469514194277987
wrap_kNN	internet_usage.arff	3	16.803	0.02674427	0.999800011831744
MI_rank	internet_usage.arff	3	0.337	0.1235386	0.999600043581582
random_cols	internet_usage.arff	3	0.001	0.1243687	NA
random_cols	internet_usage.arff	3	0.001	0.0216389	NA
clustine_feature_select	communities.arff	3	0.106	0.3847797	1
clustine_deduplicate	communities.arff	3	0.224	0.1952348	1
clustine_just_compute	communities.arff	3	0.257	0.02999263	1
wrap_kNN	communities.arff	3	9.921	0.02999263	1
MI_rank	communities.arff	3	0.192	0.3847797	1
random_cols	communities.arff	3	0	0.04832527	0.306219881220944
random_cols	communities.arff	3	0	0.3121652	0.342246016625133
clustine_feature_select	communities.arff	3	0.148	0.3847797	1
clustine_deduplicate	communities.arff	3	0.215	0.1952348	1
clustine_just_compute	communities.arff	3	0.257	0.02999263	1
wrap_kNN	communities.arff	3	9.916	0.02999263	1
MI_rank	communities.arff	3	0.177	0.3847797	1
random_cols	communities.arff	3	0	0.2261196	0.331708706857655
random_cols	communities.arff	3	0	0.266607	0.378836406786663
clustine_feature_select	communities.arff	3	0.096	0.3847797	1
clustine_deduplicate	communities.arff	3	0.224	0.1952348	1
clustine_just_compute	communities.arff	3	0.254	0.02999263	1
wrap_kNN	communities.arff	3	9.894	0.02999263	1
MI_rank	communities.arff	3	0.181	0.3847797	1
random_cols	communities.arff	3	0	0.04500761	0.346079732340732
random_cols	communities.arff	3	0	0.2688507	0.341415130945044
clustine_feature_select	magic.arff	3	0.096	0.5193202	0.869184276368227
clustine_deduplicate	magic.arff	3	0.127	0	0.44815625525635
clustine_just_compute	magic.arff	3	0.158	0.7301609	0.515897219942222
wrap_kNN	magic.arff	3	2.744	0.1725999	0.973516059241452
MI_rank	magic.arff	3	0.123	0.1917461	0.910372733941628
random_cols	magic.arff	3	0	0.07772484	0.51474141786243
random_cols	magic.arff	3	0	0.0837417	0.462655915232936
clustine_feature_select	magic.arff	3	0.101	0.5193202	0.868612382828852
clustine_deduplicate	magic.arff	3	0.12	0	0.450177270329431
clustine_just_compute	magic.arff	3	0.117	0.7301609	0.517028277907196
wrap_kNN	magic.arff	3	2.702	0.1725999	0.973312067510268
MI_rank	magic.arff	3	0.13	0.1917461	0.909772641399146
random_cols	magic.arff	3	0	0.3026374	0.51141367608798
random_cols	magic.arff	3	0	0.03789255	0.545286081304966
clustine_feature_select	magic.arff	3	0.105	0.5193202	0.869674290142527
clustine_deduplicate	magic.arff	3	0.168	0	0.448910116599049
clustine_just_compute	magic.arff	3	0.115	0.7301609	0.51310080886791
wrap_kNN	magic.arff	3	2.703	0.1725999	0.972711969996997
MI_rank	magic.arff	3	0.121	0.1917461	0.909743777726807
random_cols	magic.arff	3	0	0.3312507	0.946039038601934
random_cols	magic.arff	3	0	0.23908	0.610245261778963
clustine_feature_select	pendigits.arff	3	0.076	0.1501482	0.865498426907132
clustine_deduplicate	pendigits.arff	3	0.081	0.1643219	0.697815946841377
clustine_just_compute	pendigits.arff	3	0.086	0.234112	0.634008257417553
wrap_kNN	pendigits.arff	3	6.512	0.2747255	0.919957736414236
MI_rank	pendigits.arff	3	0.086	0.7594165	0.846449831245912
random_cols	pendigits.arff	3	0	0.4614509	0.884885415179322
random_cols	pendigits.arff	3	0	0.5468509	0.867239091782222
clustine_feature_select	pendigits.arff	3	0.054	0.1501482	0.864890789136196
clustine_deduplicate	pendigits.arff	3	0.068	0.1643219	0.696076587297185
clustine_just_compute	pendigits.arff	3	0.071	0.234112	0.62637054990017
wrap_kNN	pendigits.arff	3	6.299	0.2747255	0.920576890318306
MI_rank	pendigits.arff	3	0.085	0.7594165	0.84541028372182
random_cols	pendigits.arff	3	0	0.2013777	0.814127845752758
random_cols	pendigits.arff	3	0	0.09727947	0.810204554469055
clustine_feature_select	pendigits.arff	3	0.062	0.1501482	0.864092240229209
clustine_deduplicate	pendigits.arff	3	0.072	0.1643219	0.694453181633406
clustine_just_compute	pendigits.arff	3	0.067	0.234112	0.63158180315262
wrap_kNN	pendigits.arff	3	6.295	0.2747255	0.920566385548439
MI_rank	pendigits.arff	3	0.092	0.7594165	0.843443708637965
random_cols	pendigits.arff	3	0	0.3773698	0.691766072738249
random_cols	pendigits.arff	3	0	0.2324034	0.877659627950578
clustine_feature_select	adult.arff	3	0.188	0.05212256	0.999800049837688
clustine_deduplicate	adult.arff	3	0.159	0.04319463	0.999800049837688
clustine_just_compute	adult.arff	3	0.166	0.05212256	0.999800049837688
wrap_kNN	adult.arff	3	1.364	0.05212256	0.999800049837688
MI_rank	adult.arff	3	0.148	0.05212256	0.999800049837688
random_cols	adult.arff	3	0.001	0.03253633	0.998598417520386
random_cols	adult.arff	3	0	0.03253633	0.998598417520386
clustine_feature_select	adult.arff	3	0.137	0.05212256	0.999800049837688
clustine_deduplicate	adult.arff	3	0.16	0.04319463	0.999800049837688
clustine_just_compute	adult.arff	3	0.203	0.05212256	0.999800049837688
wrap_kNN	adult.arff	3	1.35	0.05212256	0.999800049837688
MI_rank	adult.arff	3	0.13	0.05212256	0.999800049837688
random_cols	adult.arff	3	0.001	0.03253633	0.998598417520386
random_cols	adult.arff	3	0	0.05568803	0.34697309634522
clustine_feature_select	adult.arff	3	0.14	0.05212256	0.999800049837688
clustine_deduplicate	adult.arff	3	0.159	0.04319463	0.999800049837688
clustine_just_compute	adult.arff	3	0.161	0.05212256	0.999800049837688
wrap_kNN	adult.arff	3	1.354	0.05212256	0.999800049837688
MI_rank	adult.arff	3	0.133	0.05212256	0.999800049837688
random_cols	adult.arff	3	0	0.05541888	0.998598417520386
random_cols	adult.arff	3	0	0.0580749	0.357035452662042
clustine_feature_select	musk.arff	3	0.378	0.3975447	0.828095647652908
clustine_deduplicate	musk.arff	3	1.425	0.3877524	0.860982827186711
clustine_just_compute	musk.arff	3	1.459	0.3061438	0.924933003258067
wrap_kNN	musk.arff	3	57.395	0.266478	0.98938312152117
MI_rank	musk.arff	3	0.725	0.4314639	0.87461639793528
random_cols	musk.arff	3	0	0.2237783	0.973360825434674
random_cols	musk.arff	3	0	0.2121434	0.941290482116632
clustine_feature_select	musk.arff	3	0.316	0.3975447	0.827920845762387
clustine_deduplicate	musk.arff	3	1.387	0.3877524	0.861062154797769
clustine_just_compute	musk.arff	3	1.508	0.3061438	0.923488303470132
wrap_kNN	musk.arff	3	57.203	0.266478	0.989185172299887
MI_rank	musk.arff	3	0.72	0.4314639	0.873437729949291
random_cols	musk.arff	3	0	0.2368773	0.883999086030596
random_cols	musk.arff	3	0	0.06913634	0.886514313495556
clustine_feature_select	musk.arff	3	0.316	0.3975447	0.827460172211692
clustine_deduplicate	musk.arff	3	1.394	0.3877524	0.860477631044986
clustine_just_compute	musk.arff	3	1.452	0.3061438	0.924729734131232
wrap_kNN	musk.arff	3	57.322	0.266478	0.989185994890176
MI_rank	musk.arff	3	0.764	0.4314639	0.874429569555824
random_cols	musk.arff	3	0	0.1948053	0.844866144769883
random_cols	musk.arff	3	0	0.299405	0.916808923456279
clustine_feature_select	bank.arff	3	0.254	0.04133052	0.997804207623957
clustine_deduplicate	bank.arff	3	0.223	0	0.999212594726895
clustine_just_compute	bank.arff	3	0.232	0.03713512	0.999212594726895
wrap_kNN	bank.arff	3	1.969	0.03713512	0.999212594726895
MI_rank	bank.arff	3	0.201	0.04165869	0.999012713137051
random_cols	bank.arff	3	0	0.03554709	0.999012713137051
random_cols	bank.arff	3	0	0.09242202	0.781877980267536
clustine_feature_select	bank.arff	3	0.203	0.04133052	0.997804207623957
clustine_deduplicate	bank.arff	3	0.288	0	0.999212594726895
clustine_just_compute	bank.arff	3	0.219	0.03713512	0.999212594726895
wrap_kNN	bank.arff	3	1.936	0.03713512	0.999212594726895
MI_rank	bank.arff	3	0.201	0.04165869	0.999012713137051
random_cols	bank.arff	3	0	0.002379935	0.782296857603705
random_cols	bank.arff	3	0.001	0.1583095	0.999012713137051
clustine_feature_select	bank.arff	3	0.211	0.04133052	0.997804207623957
clustine_deduplicate	bank.arff	3	0.231	0	0.999212594726895
clustine_just_compute	bank.arff	3	0.231	0.03713512	0.999212594726895
wrap_kNN	bank.arff	3	2.037	0.03713512	0.999212594726895
MI_rank	bank.arff	3	0.209	0.04165869	0.999012713137051
random_cols	bank.arff	3	0	0.02770663	0.786417724087013
random_cols	bank.arff	3	0	0.04023605	0.998006339280334
clustine_feature_select	diabetic_data.arff	3	0.678	0.3346746	0.993997679400392
clustine_deduplicate	diabetic_data.arff	3	0.794	0	0.958176729420165
clustine_just_compute	diabetic_data.arff	3	0.73	0.2273725	0.993997679400392
wrap_kNN	diabetic_data.arff	3	5.062	0.2273725	0.993997679400392
MI_rank	diabetic_data.arff	3	0.791	0.3346746	0.993997679400392
random_cols	diabetic_data.arff	3	0	0.1355777	0.958176729420165
random_cols	diabetic_data.arff	3	0	0.03246647	0.600440245044912
clustine_feature_select	diabetic_data.arff	3	0.619	0.3346746	0.993997679400392
clustine_deduplicate	diabetic_data.arff	3	0.722	0	0.958176729420165
clustine_just_compute	diabetic_data.arff	3	0.756	0.2273725	0.993997679400392
wrap_kNN	diabetic_data.arff	3	5.056	0.2273725	0.993997679400392
MI_rank	diabetic_data.arff	3	0.774	0.3346746	0.993997679400392
random_cols	diabetic_data.arff	3	0	0.081134	0.958176729420165
random_cols	diabetic_data.arff	3	0	0.0601262	0.343194624963832
clustine_feature_select	diabetic_data.arff	3	0.689	0.3346746	0.993997679400392
clustine_deduplicate	diabetic_data.arff	3	0.82	0	0.958176729420165
clustine_just_compute	diabetic_data.arff	3	0.818	0.2273725	0.993997679400392
wrap_kNN	diabetic_data.arff	3	5.086	0.2273725	0.993997679400392
MI_rank	diabetic_data.arff	3	0.776	0.3346746	0.993997679400392
random_cols	diabetic_data.arff	3	0	0.03244644	0.601673597995095
random_cols	diabetic_data.arff	3	0	0.07809495	0.330531522750595
