Algorithm	File	ncol	Runtime	F1 Score
clustine_feature_select	glass.arff	3	0.025	0.681453650371974
clustine_just_compute	glass.arff	3	0.015	0.758327476224172
wrap_kNN	glass.arff	3	0.178	0.9360295833057
MI_rank	glass.arff	3	0.015	0.933762306194223
random_cols	glass.arff	3	0	0.661055457373993
random_cols	glass.arff	3	0	0.754758010021016
clustine_feature_select	glass.arff	3	0.01	0.673039841958165
clustine_just_compute	glass.arff	3	0.009	0.739211357554481
wrap_kNN	glass.arff	3	0.182	0.9360295833057
MI_rank	glass.arff	3	0.008	0.933762306194223
random_cols	glass.arff	3	0	0.584765657749535
random_cols	glass.arff	3	0	0.712497176563759
clustine_feature_select	glass.arff	3	0.011	0.671923920842244
clustine_just_compute	glass.arff	3	0.008	0.730529129107547
wrap_kNN	glass.arff	3	0.171	0.9360295833057
MI_rank	glass.arff	3	0.007	0.932928794809257
random_cols	glass.arff	3	0	0.688488837054533
random_cols	glass.arff	3	0	0.679424633215854
clustine_feature_select	liver.arff	3	0.012	0.819064027308497
clustine_just_compute	liver.arff	3	0.007	0.625907642132196
wrap_kNN	liver.arff	3	0.134	0.888725831233124
MI_rank	liver.arff	3	0.006	0.895045048007509
random_cols	liver.arff	3	0	0.672120160610061
random_cols	liver.arff	3	0	0.469435178791044
clustine_feature_select	liver.arff	3	0.014	0.805745886290672
clustine_just_compute	liver.arff	3	0.013	0.624728683014099
wrap_kNN	liver.arff	3	0.148	0.894564187706746
MI_rank	liver.arff	3	0.01	0.891639023039047
random_cols	liver.arff	3	0	0.859825707978356
random_cols	liver.arff	3	0	0.683328574204216
clustine_feature_select	liver.arff	3	0.013	0.812968812375796
clustine_just_compute	liver.arff	3	0.008	0.626337211740677
wrap_kNN	liver.arff	3	0.128	0.894769481134546
MI_rank	liver.arff	3	0.01	0.885648307195197
random_cols	liver.arff	3	0	0.853832414346359
random_cols	liver.arff	3	0	0.664769726728517
clustine_feature_select	shape.arff	3	0.013	0.912974585247206
clustine_just_compute	shape.arff	3	0.017	0.880839442756869
wrap_kNN	shape.arff	3	0.381	0.923941299710635
MI_rank	shape.arff	3	0.019	0.924814826405502
random_cols	shape.arff	3	0	0.782103059624342
random_cols	shape.arff	3	0	0.931122376484043
clustine_feature_select	shape.arff	3	0.018	0.912974585247206
clustine_just_compute	shape.arff	3	0.013	0.880839442756869
wrap_kNN	shape.arff	3	0.314	0.918302719083611
MI_rank	shape.arff	3	0.015	0.918430897834074
random_cols	shape.arff	3	0	0.800683079581091
random_cols	shape.arff	3	0	0.884383816152873
clustine_feature_select	shape.arff	3	0.013	0.912974585247206
clustine_just_compute	shape.arff	3	0.017	0.874356960892384
wrap_kNN	shape.arff	3	0.329	0.936596730426792
MI_rank	shape.arff	3	0.027	0.925091576895957
random_cols	shape.arff	3	0	0.894853317390701
random_cols	shape.arff	3	0.001	0.885809110525429
clustine_feature_select	vowel.arff	3	0.013	0.825907750539854
clustine_just_compute	vowel.arff	3	0.017	0.707062403211639
wrap_kNN	vowel.arff	3	0.352	0.851516554810726
MI_rank	vowel.arff	3	0.034	0.794395973211491
random_cols	vowel.arff	3	0	0.799064715628003
random_cols	vowel.arff	3	0.001	0.791158853355867
clustine_feature_select	vowel.arff	3	0.024	0.823918958695772
clustine_just_compute	vowel.arff	3	0.016	0.705425230536943
wrap_kNN	vowel.arff	3	0.36	0.852420977709277
MI_rank	vowel.arff	3	0.02	0.798479344175904
random_cols	vowel.arff	3	0	0.746070599578436
random_cols	vowel.arff	3	0	0.74039924611689
clustine_feature_select	vowel.arff	3	0.024	0.825697946212305
clustine_just_compute	vowel.arff	3	0.014	0.719070752519797
wrap_kNN	vowel.arff	3	0.355	0.849358263428768
MI_rank	vowel.arff	3	0.022	0.791607345427093
random_cols	vowel.arff	3	0	0.796694970996077
random_cols	vowel.arff	3	0	0.724380466495112
clustine_feature_select	breast.arff	3	0.026	0.830392287299693
clustine_just_compute	breast.arff	3	0.036	0.531011617105268
wrap_kNN	breast.arff	3	0.643	0.820841201415993
MI_rank	breast.arff	3	0.032	0.734032728899836
random_cols	breast.arff	3	0	0.549549263937403
random_cols	breast.arff	3	0	0.542648160473958
clustine_feature_select	breast.arff	3	0.067	0.830392287299693
clustine_just_compute	breast.arff	3	0.036	0.55019983345461
wrap_kNN	breast.arff	3	0.671	0.862687273346954
MI_rank	breast.arff	3	0.05	0.734607729043409
random_cols	breast.arff	3	0	0.691157405199463
random_cols	breast.arff	3	0	0.747911132822997
clustine_feature_select	breast.arff	3	0.028	0.835517755701023
clustine_just_compute	breast.arff	3	0.029	0.54646405562719
wrap_kNN	breast.arff	3	0.784	0.862687273346954
MI_rank	breast.arff	3	0.084	0.729808606597228
random_cols	breast.arff	3	0	0.595856354007058
random_cols	breast.arff	3	0	0.814053290283009
clustine_feature_select	letrec.arff	3	0.208	0.720730002829211
clustine_just_compute	letrec.arff	3	0.117	0.643655592206037
wrap_kNN	letrec.arff	3	13.07	0.76215384168899
MI_rank	letrec.arff	3	0.188	0.602993037033875
random_cols	letrec.arff	3	0	0.700298448674431
random_cols	letrec.arff	3	0.001	0.6495063259939
clustine_feature_select	letrec.arff	3	0.127	0.723729461185875
clustine_just_compute	letrec.arff	3	0.128	0.633874630261167
wrap_kNN	letrec.arff	3	13.069	0.759957349685544
MI_rank	letrec.arff	3	0.195	0.595213509724779
random_cols	letrec.arff	3	0	0.590905695100662
random_cols	letrec.arff	3	0	0.630323144682258
clustine_feature_select	letrec.arff	3	0.123	0.726436449325311
clustine_just_compute	letrec.arff	3	0.127	0.642956784559766
wrap_kNN	letrec.arff	3	13.041	0.76401717758593
MI_rank	letrec.arff	3	0.213	0.594915379780461
random_cols	letrec.arff	3	0	0.662646191897011
random_cols	letrec.arff	3	0	0.577604229034419
clustine_feature_select	insurance.arff	3	0.168	0.94406197572585
clustine_just_compute	insurance.arff	3	0.238	0.819771662127522
wrap_kNN	insurance.arff	3	43.047	0.97219317399231
MI_rank	insurance.arff	3	0.326	0.792400893410981
random_cols	insurance.arff	3	0	NA
random_cols	insurance.arff	3	0	NA
clustine_feature_select	insurance.arff	3	0.158	0.94237938275508
clustine_just_compute	insurance.arff	3	0.151	0.823036688423993
wrap_kNN	insurance.arff	3	42.964	0.970192944418608
MI_rank	insurance.arff	3	0.318	0.797389251766933
random_cols	insurance.arff	3	0	0.454094239968892
random_cols	insurance.arff	3	0	0.673103266095053
clustine_feature_select	insurance.arff	3	0.155	0.943776951421162
clustine_just_compute	insurance.arff	3	0.152	0.816334469087745
wrap_kNN	insurance.arff	3	42.997	0.96960900764595
MI_rank	insurance.arff	3	0.329	0.796383827901645
random_cols	insurance.arff	3	0	0.869564364688373
random_cols	insurance.arff	3	0	0.803410452628396
clustine_feature_select	internet_usage.arff	3	0.157	0.999800033889366
clustine_just_compute	internet_usage.arff	3	0.161	0.461703930518281
wrap_kNN	internet_usage.arff	3	17.393	1
MI_rank	internet_usage.arff	3	0.328	0.999800033889366
random_cols	internet_usage.arff	3	0	NA
random_cols	internet_usage.arff	3	0	NA
clustine_feature_select	internet_usage.arff	3	0.158	0.999800033889366
clustine_just_compute	internet_usage.arff	3	0.147	0.476093766696544
wrap_kNN	internet_usage.arff	3	17.431	1
MI_rank	internet_usage.arff	3	0.326	0.999800033889366
random_cols	internet_usage.arff	3	0	NA
random_cols	internet_usage.arff	3	0	NA
clustine_feature_select	internet_usage.arff	3	0.159	0.999800033889366
clustine_just_compute	internet_usage.arff	3	0.15	0.475232628333824
wrap_kNN	internet_usage.arff	3	17.465	1
MI_rank	internet_usage.arff	3	0.332	0.999800033889366
random_cols	internet_usage.arff	3	0	NA
random_cols	internet_usage.arff	3	0	NA
clustine_feature_select	communities.arff	3	0.096	1
clustine_just_compute	communities.arff	3	0.114	1
wrap_kNN	communities.arff	3	10.336	1
MI_rank	communities.arff	3	0.215	1
random_cols	communities.arff	3	0	0.407115221317427
random_cols	communities.arff	3	0	0.352726949318373
clustine_feature_select	communities.arff	3	0.103	1
clustine_just_compute	communities.arff	3	0.092	1
wrap_kNN	communities.arff	3	10.296	1
MI_rank	communities.arff	3	0.202	1
random_cols	communities.arff	3	0	0.377785530563559
random_cols	communities.arff	3	0	0.369264060578067
clustine_feature_select	communities.arff	3	0.104	1
clustine_just_compute	communities.arff	3	0.097	1
wrap_kNN	communities.arff	3	10.34	1
MI_rank	communities.arff	3	0.186	1
random_cols	communities.arff	3	0	0.384379125288919
random_cols	communities.arff	3	0	0.362206345800435
clustine_feature_select	magic.arff	3	0.117	0.868507842171952
clustine_just_compute	magic.arff	3	0.103	0.520867738146907
wrap_kNN	magic.arff	3	2.89	0.969497311964548
MI_rank	magic.arff	3	0.127	0.911501810488839
random_cols	magic.arff	3	0	0.819078554525512
random_cols	magic.arff	3	0	0.43917387326757
clustine_feature_select	magic.arff	3	0.112	0.870839222931558
clustine_just_compute	magic.arff	3	0.103	0.519958433866699
wrap_kNN	magic.arff	3	2.817	0.969294094217389
MI_rank	magic.arff	3	0.129	0.911912412583178
random_cols	magic.arff	3	0	0.436008441541325
random_cols	magic.arff	3	0	0.511687613813733
clustine_feature_select	magic.arff	3	0.117	0.869144052109248
clustine_just_compute	magic.arff	3	0.108	0.519372927361786
wrap_kNN	magic.arff	3	2.842	0.969294219102027
MI_rank	magic.arff	3	0.144	0.911480953664134
random_cols	magic.arff	3	0	0.542578627361709
random_cols	magic.arff	3	0	0.827686745224706
clustine_feature_select	pendigits.arff	3	0.075	0.870292163890379
clustine_just_compute	pendigits.arff	3	0.064	0.630746189704774
wrap_kNN	pendigits.arff	3	6.715	0.922700947305942
MI_rank	pendigits.arff	3	0.108	0.848205898999111
random_cols	pendigits.arff	3	0	0.871484870756774
random_cols	pendigits.arff	3	0	0.81005999329618
clustine_feature_select	pendigits.arff	3	0.068	0.870079447011898
clustine_just_compute	pendigits.arff	3	0.075	0.626686133857736
wrap_kNN	pendigits.arff	3	6.628	0.924276826754101
MI_rank	pendigits.arff	3	0.097	0.846422045936771
random_cols	pendigits.arff	3	0	0.753042987780194
random_cols	pendigits.arff	3	0	0.837665555911648
clustine_feature_select	pendigits.arff	3	0.061	0.870054714215384
clustine_just_compute	pendigits.arff	3	0.053	0.627839651498872
wrap_kNN	pendigits.arff	3	7.273	0.923484343141373
MI_rank	pendigits.arff	3	0.103	0.847394897842257
random_cols	pendigits.arff	3	0	0.788768438328072
random_cols	pendigits.arff	3	0	0.795613405252615
clustine_feature_select	adult.arff	3	0.155	0.999399992377497
clustine_just_compute	adult.arff	3	0.149	0.999399992377497
wrap_kNN	adult.arff	3	1.472	0.999399992377497
MI_rank	adult.arff	3	0.173	0.999399992377497
random_cols	adult.arff	3	0	0.997800116567416
random_cols	adult.arff	3	0	0.997800116567416
clustine_feature_select	adult.arff	3	0.143	0.999399992377497
clustine_just_compute	adult.arff	3	0.147	0.999399992377497
wrap_kNN	adult.arff	3	1.4	0.999399992377497
MI_rank	adult.arff	3	0.128	0.999399992377497
random_cols	adult.arff	3	0	0.999399992377497
random_cols	adult.arff	3	0	0.358270753956927
clustine_feature_select	adult.arff	3	0.148	0.999399992377497
clustine_just_compute	adult.arff	3	0.147	0.999399992377497
wrap_kNN	adult.arff	3	1.401	0.999399992377497
MI_rank	adult.arff	3	0.137	0.999399992377497
random_cols	adult.arff	3	0	0.999399992377497
random_cols	adult.arff	3	0	0.344385426228256
clustine_feature_select	musk.arff	3	0.344	0.834171408982123
clustine_just_compute	musk.arff	3	0.404	0.919589181343262
wrap_kNN	musk.arff	3	59.94	0.980775851791198
MI_rank	musk.arff	3	0.743	0.86605133608508
random_cols	musk.arff	3	0	0.871982770021726
random_cols	musk.arff	3	0	0.814101167306709
clustine_feature_select	musk.arff	3	0.316	0.834415034140751
clustine_just_compute	musk.arff	3	0.305	0.91996165162091
wrap_kNN	musk.arff	3	59.001	0.9811786217094
MI_rank	musk.arff	3	0.731	0.866346349472338
random_cols	musk.arff	3	0	0.966190219128432
random_cols	musk.arff	3	0	0.870747189185062
clustine_feature_select	musk.arff	3	0.327	0.834484132791406
clustine_just_compute	musk.arff	3	0.31	0.919559892231242
wrap_kNN	musk.arff	3	59.076	0.980581587792763
MI_rank	musk.arff	3	0.75	0.866036297034155
random_cols	musk.arff	3	0	0.796318379661591
random_cols	musk.arff	3	0	0.946792560027662
clustine_feature_select	bank.arff	3	0.22	0.999003437454229
clustine_just_compute	bank.arff	3	0.22	0.999603988097169
wrap_kNN	bank.arff	3	2.083	0.999603988097169
MI_rank	bank.arff	3	0.193	0.99820548494349
random_cols	bank.arff	3	0	0.791770536139868
random_cols	bank.arff	3	0	0.794292637980127
clustine_feature_select	bank.arff	3	0.217	0.999003437454229
clustine_just_compute	bank.arff	3	0.207	0.999603988097169
wrap_kNN	bank.arff	3	2.053	0.999603988097169
MI_rank	bank.arff	3	0.211	0.99820548494349
random_cols	bank.arff	3	0.001	0.999203771165738
random_cols	bank.arff	3	0	0.791979403940205
clustine_feature_select	bank.arff	3	0.226	0.999003437454229
clustine_just_compute	bank.arff	3	0.205	0.999603988097169
wrap_kNN	bank.arff	3	2.083	0.999603988097169
MI_rank	bank.arff	3	0.207	0.99820548494349
random_cols	bank.arff	3	0	NA
random_cols	bank.arff	3	0	0.791918130787934
